<?xml version="1.0" encoding="UTF-8"?>
<testsuites tests="35" failures="0" disabled="0" errors="0" time="3.87" timestamp="2026-09-24T16:24:27.497" name="AllTests">
  <testsuite name="UiGuiPlacement" tests="1" failures="0" disabled="0" skipped="0" errors="0" time="0." timestamp="2026-09-24T16:24:27.497">
    <testcase name="GuiTargetRegistration_UI_GUIBUILD" file="D:\10_Source_Repos\21_robot\RobWork\RobWork\RobWorkStudio\src\rwslibs\industrialrobot\ui\gui_test\BuildPlacementTest.cpp" line="65" status="run" result="completed" time="0." timestamp="2026-09-24T16:24:27.497" classname="UiGuiPlacement" />
  </testsuite>
  <testsuite name="WorkbenchShellGuiTest" tests="6" failures="0" disabled="0" skipped="0" errors="0" time="1.091" timestamp="2026-09-24T16:24:27.498">
    <testcase name="FiveZoneLayout_PersistsAcrossSessions_UI_WB_1" file="D:\10_Source_Repos\21_robot\RobWork\RobWork\RobWorkStudio\src\rwslibs\industrialrobot\ui\gui_test\WorkbenchShellGuiTest.cpp" line="209" status="run" result="completed" time="0.492" timestamp="2026-09-24T16:24:27.498" classname="WorkbenchShellGuiTest" />
    <testcase name="ResetLayout_RestoresFactory_UI_WB_2" file="D:\10_Source_Repos\21_robot\RobWork\RobWork\RobWorkStudio\src\rwslibs\industrialrobot\ui\gui_test\WorkbenchShellGuiTest.cpp" line="298" status="run" result="completed" time="0.183" timestamp="2026-09-24T16:24:27.990" classname="WorkbenchShellGuiTest" />
    <testcase name="CorruptLayoutMemory_FallsBackWithDevDiagnostic_UI_WB_3" file="D:\10_Source_Repos\21_robot\RobWork\RobWork\RobWorkStudio\src\rwslibs\industrialrobot\ui\gui_test\WorkbenchShellGuiTest.cpp" line="343" status="run" result="completed" time="0.103" timestamp="2026-09-24T16:24:28.173" classname="WorkbenchShellGuiTest" />
    <testcase name="NoProjectHomepage_CommandGating_UI_SES_1" file="D:\10_Source_Repos\21_robot\RobWork\RobWork\RobWorkStudio\src\rwslibs\industrialrobot\ui\gui_test\WorkbenchShellGuiTest.cpp" line="395" status="run" result="completed" time="0.144" timestamp="2026-09-24T16:24:28.277" classname="WorkbenchShellGuiTest" />
    <testcase name="RecentProjects_CapDedupPersist_PM_10_PM_14" file="D:\10_Source_Repos\21_robot\RobWork\RobWork\RobWorkStudio\src\rwslibs\industrialrobot\ui\gui_test\WorkbenchShellGuiTest.cpp" line="494" status="run" result="completed" time="0.041" timestamp="2026-09-24T16:24:28.422" classname="WorkbenchShellGuiTest" />
    <testcase name="CentralView3DPlaceholder_RegistrationAndRedLines_UX11_KIN06" file="D:\10_Source_Repos\21_robot\RobWork\RobWork\RobWorkStudio\src\rwslibs\industrialrobot\ui\gui_test\WorkbenchShellGuiTest.cpp" line="578" status="run" result="completed" time="0.125" timestamp="2026-09-24T16:24:28.464" classname="WorkbenchShellGuiTest" />
  </testsuite>
  <testsuite name="WorkbenchContentGuiTest" tests="7" failures="0" disabled="0" skipped="0" errors="0" time="0.066" timestamp="2026-09-24T16:24:28.589">
    <testcase name="TwoPhaseAssemblyContract_UI_SPLIT" file="D:\10_Source_Repos\21_robot\RobWork\RobWork\RobWorkStudio\src\rwslibs\industrialrobot\ui\gui_test\WorkbenchContentGuiTest.cpp" line="205" status="run" result="completed" time="0.007" timestamp="2026-09-24T16:24:28.589" classname="WorkbenchContentGuiTest" />
    <testcase name="BuildValidationRejectsIncompleteDeps_UI_SPLIT" file="D:\10_Source_Repos\21_robot\RobWork\RobWork\RobWorkStudio\src\rwslibs\industrialrobot\ui\gui_test\WorkbenchContentGuiTest.cpp" line="254" status="run" result="completed" time="0." timestamp="2026-09-24T16:24:28.597" classname="WorkbenchContentGuiTest" />
    <testcase name="EmbeddedMemoryFlagsOnlyBoundary_UI_SPLIT" file="D:\10_Source_Repos\21_robot\RobWork\RobWork\RobWorkStudio\src\rwslibs\industrialrobot\ui\gui_test\WorkbenchContentGuiTest.cpp" line="279" status="run" result="completed" time="0.02" timestamp="2026-09-24T16:24:28.597" classname="WorkbenchContentGuiTest" />
    <testcase name="EmbeddedCorruptMemoryFallsBackWithDevDiagnostic_UI_SPLIT" file="D:\10_Source_Repos\21_robot\RobWork\RobWork\RobWorkStudio\src\rwslibs\industrialrobot\ui\gui_test\WorkbenchContentGuiTest.cpp" line="333" status="run" result="completed" time="0.015" timestamp="2026-09-24T16:24:28.618" classname="WorkbenchContentGuiTest" />
    <testcase name="SessionEntryOverrideRoutesShellEntries_UI_SPLIT" file="D:\10_Source_Repos\21_robot\RobWork\RobWork\RobWorkStudio\src\rwslibs\industrialrobot\ui\gui_test\WorkbenchContentGuiTest.cpp" line="368" status="run" result="completed" time="0.007" timestamp="2026-09-24T16:24:28.633" classname="WorkbenchContentGuiTest" />
    <testcase name="SaveCloseEntryOverrideRoutesShellEntries_UI_SPLIT" file="D:\10_Source_Repos\21_robot\RobWork\RobWork\RobWorkStudio\src\rwslibs\industrialrobot\ui\gui_test\WorkbenchContentGuiTest.cpp" line="410" status="run" result="completed" time="0.007" timestamp="2026-09-24T16:24:28.641" classname="WorkbenchContentGuiTest" />
    <testcase name="EmbeddedCentralYieldPage_UI_SPLIT" file="D:\10_Source_Repos\21_robot\RobWork\RobWork\RobWorkStudio\src\rwslibs\industrialrobot\ui\gui_test\WorkbenchContentGuiTest.cpp" line="471" status="run" result="completed" time="0.007" timestamp="2026-09-24T16:24:28.648" classname="WorkbenchContentGuiTest" />
  </testsuite>
  <testsuite name="CommandPaletteGuiTest" tests="3" failures="0" disabled="0" skipped="0" errors="0" time="0.429" timestamp="2026-09-24T16:24:28.656">
    <testcase name="PaletteOpensViaDefaultShortcut_UI_PALETTE_1" file="D:\10_Source_Repos\21_robot\RobWork\RobWork\RobWorkStudio\src\rwslibs\industrialrobot\ui\gui_test\CommandPaletteGuiTest.cpp" line="197" status="run" result="completed" time="0.089" timestamp="2026-09-24T16:24:28.656" classname="CommandPaletteGuiTest" />
    <testcase name="PaletteFilterNavigateExecute_UI_PALETTE_2" file="D:\10_Source_Repos\21_robot\RobWork\RobWork\RobWorkStudio\src\rwslibs\industrialrobot\ui\gui_test\CommandPaletteGuiTest.cpp" line="224" status="run" result="completed" time="0.123" timestamp="2026-09-24T16:24:28.745" classname="CommandPaletteGuiTest" />
    <testcase name="UserRebindPersistsAcrossSessions_UI_PALETTE_3" file="D:\10_Source_Repos\21_robot\RobWork\RobWork\RobWorkStudio\src\rwslibs\industrialrobot\ui\gui_test\CommandPaletteGuiTest.cpp" line="287" status="run" result="completed" time="0.216" timestamp="2026-09-24T16:24:28.869" classname="CommandPaletteGuiTest" />
  </testsuite>
  <testsuite name="PolicySummaryCardGuiTest" tests="5" failures="0" disabled="0" skipped="0" errors="0" time="0.504" timestamp="2026-09-24T16:24:29.085">
    <testcase name="LoadedProjection_RendersModelRows_UI_T07_ACC1_ACC3" file="D:\10_Source_Repos\21_robot\RobWork\RobWork\RobWorkStudio\src\rwslibs\industrialrobot\ui\gui_test\PolicySummaryCardGuiTest.cpp" line="243" status="run" result="completed" time="0.094" timestamp="2026-09-24T16:24:29.085" classname="PolicySummaryCardGuiTest" />
    <testcase name="Unloaded_RendersPlaceholder_UI_T07_ACC1" file="D:\10_Source_Repos\21_robot\RobWork\RobWork\RobWorkStudio\src\rwslibs\industrialrobot\ui\gui_test\PolicySummaryCardGuiTest.cpp" line="294" status="run" result="completed" time="0.074" timestamp="2026-09-24T16:24:29.180" classname="PolicySummaryCardGuiTest" />
    <testcase name="CardIsReadOnly_NoEditableControls_UI_T07_ACC1" file="D:\10_Source_Repos\21_robot\RobWork\RobWork\RobWorkStudio\src\rwslibs\industrialrobot\ui\gui_test\PolicySummaryCardGuiTest.cpp" line="320" status="run" result="completed" time="0.089" timestamp="2026-09-24T16:24:29.254" classname="PolicySummaryCardGuiTest" />
    <testcase name="EditEntry_ShowsDeferredNotice_UI_T07_ACC2" file="D:\10_Source_Repos\21_robot\RobWork\RobWork\RobWorkStudio\src\rwslibs\industrialrobot\ui\gui_test\PolicySummaryCardGuiTest.cpp" line="355" status="run" result="completed" time="0.125" timestamp="2026-09-24T16:24:29.344" classname="PolicySummaryCardGuiTest" />
    <testcase name="RefreshOnContextInjection_UI_T07_ACC3" file="D:\10_Source_Repos\21_robot\RobWork\RobWork\RobWorkStudio\src\rwslibs\industrialrobot\ui\gui_test\PolicySummaryCardGuiTest.cpp" line="393" status="run" result="completed" time="0.12" timestamp="2026-09-24T16:24:29.469" classname="PolicySummaryCardGuiTest" />
  </testsuite>
  <testsuite name="ParamTablePanelGuiTest" tests="10" failures="0" disabled="0" skipped="0" errors="0" time="1.104" timestamp="2026-09-24T16:24:29.590">
    <testcase name="StructureAndValueUnitColumns_UI_T08_ACC1" file="D:\10_Source_Repos\21_robot\RobWork\RobWork\RobWorkStudio\src\rwslibs\industrialrobot\ui\gui_test\ParamTablePanelGuiTest.cpp" line="159" status="run" result="completed" time="0.098" timestamp="2026-09-24T16:24:29.590" classname="ParamTablePanelGuiTest" />
    <testcase name="InPlaceErrorKeepsValue_UI_T08_ACC1" file="D:\10_Source_Repos\21_robot\RobWork\RobWork\RobWorkStudio\src\rwslibs\industrialrobot\ui\gui_test\ParamTablePanelGuiTest.cpp" line="197" status="run" result="completed" time="0.083" timestamp="2026-09-24T16:24:29.689" classname="ParamTablePanelGuiTest" />
    <testcase name="ApplyViaInlineConfirmRegion_UX07_UI_T08_ACC1" file="D:\10_Source_Repos\21_robot\RobWork\RobWork\RobWorkStudio\src\rwslibs\industrialrobot\ui\gui_test\ParamTablePanelGuiTest.cpp" line="228" status="run" result="completed" time="0.07" timestamp="2026-09-24T16:24:29.773" classname="ParamTablePanelGuiTest" />
    <testcase name="ConfirmRegionDeclineKeepsStaged_UX07_UI_T08_ACC1" file="D:\10_Source_Repos\21_robot\RobWork\RobWork\RobWorkStudio\src\rwslibs\industrialrobot\ui\gui_test\ParamTablePanelGuiTest.cpp" line="263" status="run" result="completed" time="0.082" timestamp="2026-09-24T16:24:29.843" classname="ParamTablePanelGuiTest" />
    <testcase name="CancelRestore_UI_T08_ACC1" file="D:\10_Source_Repos\21_robot\RobWork\RobWork\RobWorkStudio\src\rwslibs\industrialrobot\ui\gui_test\ParamTablePanelGuiTest.cpp" line="286" status="run" result="completed" time="0.081" timestamp="2026-09-24T16:24:29.926" classname="ParamTablePanelGuiTest" />
    <testcase name="BatchPasteImpactDetail_UI_T08_ACC1" file="D:\10_Source_Repos\21_robot\RobWork\RobWork\RobWorkStudio\src\rwslibs\industrialrobot\ui\gui_test\ParamTablePanelGuiTest.cpp" line="309" status="run" result="completed" time="0.181" timestamp="2026-09-24T16:24:30.008" classname="ParamTablePanelGuiTest" />
    <testcase name="NoOutletDisablesApply_UI_T08_ACC2" file="D:\10_Source_Repos\21_robot\RobWork\RobWork\RobWorkStudio\src\rwslibs\industrialrobot\ui\gui_test\ParamTablePanelGuiTest.cpp" line="338" status="run" result="completed" time="0.156" timestamp="2026-09-24T16:24:30.189" classname="ParamTablePanelGuiTest" />
    <testcase name="DevDiagnosticsToggleNeverEntersEditSet_UX04_UX07_UI_T08_ACC1" file="D:\10_Source_Repos\21_robot\RobWork\RobWork\RobWorkStudio\src\rwslibs\industrialrobot\ui\gui_test\ParamTablePanelGuiTest.cpp" line="361" status="run" result="completed" time="0.108" timestamp="2026-09-24T16:24:30.345" classname="ParamTablePanelGuiTest" />
    <testcase name="UnitSwitchIsDisplayOnly_KIN12_UI_T08_ACC1" file="D:\10_Source_Repos\21_robot\RobWork\RobWork\RobWorkStudio\src\rwslibs\industrialrobot\ui\gui_test\ParamTablePanelGuiTest.cpp" line="399" status="run" result="completed" time="0.115" timestamp="2026-09-24T16:24:30.454" classname="ParamTablePanelGuiTest" />
    <testcase name="FilterRowsByKeySubstring_UI_T08_ACC1" file="D:\10_Source_Repos\21_robot\RobWork\RobWork\RobWorkStudio\src\rwslibs\industrialrobot\ui\gui_test\ParamTablePanelGuiTest.cpp" line="433" status="run" result="completed" time="0.124" timestamp="2026-09-24T16:24:30.570" classname="ParamTablePanelGuiTest" />
  </testsuite>
  <testsuite name="AboutDialogGuiTest" tests="3" failures="0" disabled="0" skipped="0" errors="0" time="0.673" timestamp="2026-09-24T16:24:30.694">
    <testcase name="AboutDialogShowsBaselineAndListSameSource_UI_PLG_2_UI_T10_ACC1" file="D:\10_Source_Repos\21_robot\RobWork\RobWork\RobWorkStudio\src\rwslibs\industrialrobot\ui\gui_test\AboutDialogGuiTest.cpp" line="281" status="run" result="completed" time="0.284" timestamp="2026-09-24T16:24:30.694" classname="AboutDialogGuiTest" />
    <testcase name="AboutDialogWithoutSourceShowsPlaceholders_UI_PLG_2_UI_T10" file="D:\10_Source_Repos\21_robot\RobWork\RobWork\RobWorkStudio\src\rwslibs\industrialrobot\ui\gui_test\AboutDialogGuiTest.cpp" line="381" status="run" result="completed" time="0.242" timestamp="2026-09-24T16:24:30.979" classname="AboutDialogGuiTest" />
    <testcase name="HelpContentsMissingManualGivesVisibleFeedback_UX14_UI_T10" file="D:\10_Source_Repos\21_robot\RobWork\RobWork\RobWorkStudio\src\rwslibs\industrialrobot\ui\gui_test\AboutDialogGuiTest.cpp" line="432" status="run" result="completed" time="0.146" timestamp="2026-09-24T16:24:31.222" classname="AboutDialogGuiTest" />
  </testsuite>
</testsuites>
